2022-07-11 15:30:07|ERROR|Article.GetArticleList|PDOException: Table 'live.cmf_article' doesn't exist in /www/wwwroot/eliveapi/PhalApi/NotORM/NotORM/Result.php:258
Stack trace:
#0 /www/wwwroot/eliveapi/PhalApi/NotORM/NotORM/Result.php(811): NotORM_Result->query('SELECT id,title...', Array)
#1 /www/wwwroot/eliveapi/PhalApi/NotORM/NotORM/Result.php(896): NotORM_Result->execute()
#2 /www/wwwroot/eliveapi/Appapi/Model/Article.php(385): NotORM_Result->fetchAll()
#3 /www/wwwroot/eliveapi/Appapi/Domain/Article.php(91): Model_Article->getArticleList('1', '1', '0', '', '0', '1', '10', '7793')
#4 /www/wwwroot/eliveapi/Appapi/Api/Article.php(478): Domain_Article->getArticleList('1', '1', '0', '', '0', '1', '10', '7793')
#5 /www/wwwroot/eliveapi/PhalApi/PhalApi.php(57): Api_Article->getArticleList()
#6 /www/wwwroot/eliveapi/public/appapi/index.php(13): PhalApi->response()
#7 {main}
2022-07-11 15:30:07|ERROR|Article.GetArticleList|PDOException: Table 'live.cmf_article' doesn't exist in /www/wwwroot/eliveapi/PhalApi/NotORM/NotORM/Result.php:258
Stack trace:
#0 /www/wwwroot/eliveapi/PhalApi/NotORM/NotORM/Result.php(811): NotORM_Result->query('SELECT id,title...', Array)
#1 /www/wwwroot/eliveapi/PhalApi/NotORM/NotORM/Result.php(896): NotORM_Result->execute()
#2 /www/wwwroot/eliveapi/Appapi/Model/Article.php(385): NotORM_Result->fetchAll()
#3 /www/wwwroot/eliveapi/Appapi/Domain/Article.php(91): Model_Article->getArticleList('1', '1', '0', '', '0', '1', '10', '7793')
#4 /www/wwwroot/eliveapi/Appapi/Api/Article.php(478): Domain_Article->getArticleList('1', '1', '0', '', '0', '1', '10', '7793')
#5 /www/wwwroot/eliveapi/PhalApi/PhalApi.php(57): Api_Article->getArticleList()
#6 /www/wwwroot/eliveapi/public/appapi/index.php(13): PhalApi->response()
#7 {main}
2022-07-11 15:30:07|ERROR|Article.GetArticleList|PDOException: Table 'live.cmf_article' doesn't exist in /www/wwwroot/eliveapi/PhalApi/NotORM/NotORM/Result.php:258
Stack trace:
#0 /www/wwwroot/eliveapi/PhalApi/NotORM/NotORM/Result.php(811): NotORM_Result->query('SELECT id,title...', Array)
#1 /www/wwwroot/eliveapi/PhalApi/NotORM/NotORM/Result.php(896): NotORM_Result->execute()
#2 /www/wwwroot/eliveapi/Appapi/Model/Article.php(385): NotORM_Result->fetchAll()
#3 /www/wwwroot/eliveapi/Appapi/Domain/Article.php(91): Model_Article->getArticleList('1', '0', '0', '', '0', '1', '10', '7793')
#4 /www/wwwroot/eliveapi/Appapi/Api/Article.php(478): Domain_Article->getArticleList('1', '0', '0', '', '0', '1', '10', '7793')
#5 /www/wwwroot/eliveapi/PhalApi/PhalApi.php(57): Api_Article->getArticleList()
#6 /www/wwwroot/eliveapi/public/appapi/index.php(13): PhalApi->response()
#7 {main}
2022-07-11 15:30:12|ERROR|Article.GetArticleList|PDOException: Table 'live.cmf_article' doesn't exist in /www/wwwroot/eliveapi/PhalApi/NotORM/NotORM/Result.php:258
Stack trace:
#0 /www/wwwroot/eliveapi/PhalApi/NotORM/NotORM/Result.php(811): NotORM_Result->query('SELECT id,title...', Array)
#1 /www/wwwroot/eliveapi/PhalApi/NotORM/NotORM/Result.php(896): NotORM_Result->execute()
#2 /www/wwwroot/eliveapi/Appapi/Model/Article.php(385): NotORM_Result->fetchAll()
#3 /www/wwwroot/eliveapi/Appapi/Domain/Article.php(91): Model_Article->getArticleList('1', '0', '0', '', '0', '1', '10', '7793')
#4 /www/wwwroot/eliveapi/Appapi/Api/Article.php(478): Domain_Article->getArticleList('1', '0', '0', '', '0', '1', '10', '7793')
#5 /www/wwwroot/eliveapi/PhalApi/PhalApi.php(57): Api_Article->getArticleList()
#6 /www/wwwroot/eliveapi/public/appapi/index.php(13): PhalApi->response()
#7 {main}
2022-07-11 15:30:13|ERROR|Article.GetArticleList|PDOException: Table 'live.cmf_article' doesn't exist in /www/wwwroot/eliveapi/PhalApi/NotORM/NotORM/Result.php:258
Stack trace:
#0 /www/wwwroot/eliveapi/PhalApi/NotORM/NotORM/Result.php(811): NotORM_Result->query('SELECT id,title...', Array)
#1 /www/wwwroot/eliveapi/PhalApi/NotORM/NotORM/Result.php(896): NotORM_Result->execute()
#2 /www/wwwroot/eliveapi/Appapi/Model/Article.php(385): NotORM_Result->fetchAll()
#3 /www/wwwroot/eliveapi/Appapi/Domain/Article.php(91): Model_Article->getArticleList('1', '0', '0', '', '0', '1', '10', '7793')
#4 /www/wwwroot/eliveapi/Appapi/Api/Article.php(478): Domain_Article->getArticleList('1', '0', '0', '', '0', '1', '10', '7793')
#5 /www/wwwroot/eliveapi/PhalApi/PhalApi.php(57): Api_Article->getArticleList()
#6 /www/wwwroot/eliveapi/public/appapi/index.php(13): PhalApi->response()
#7 {main}
2022-07-11 15:30:18|ERROR|Article.GetArticleList|PDOException: Table 'live.cmf_article' doesn't exist in /www/wwwroot/eliveapi/PhalApi/NotORM/NotORM/Result.php:258
Stack trace:
#0 /www/wwwroot/eliveapi/PhalApi/NotORM/NotORM/Result.php(811): NotORM_Result->query('SELECT id,title...', Array)
#1 /www/wwwroot/eliveapi/PhalApi/NotORM/NotORM/Result.php(896): NotORM_Result->execute()
#2 /www/wwwroot/eliveapi/Appapi/Model/Article.php(385): NotORM_Result->fetchAll()
#3 /www/wwwroot/eliveapi/Appapi/Domain/Article.php(91): Model_Article->getArticleList('1', '1', '1', '', '0', '1', '10', '7793')
#4 /www/wwwroot/eliveapi/Appapi/Api/Article.php(478): Domain_Article->getArticleList('1', '1', '1', '', '0', '1', '10', '7793')
#5 /www/wwwroot/eliveapi/PhalApi/PhalApi.php(57): Api_Article->getArticleList()
#6 /www/wwwroot/eliveapi/public/appapi/index.php(13): PhalApi->response()
#7 {main}
2022-07-11 15:30:18|ERROR|Article.GetArticleList|PDOException: Table 'live.cmf_article' doesn't exist in /www/wwwroot/eliveapi/PhalApi/NotORM/NotORM/Result.php:258
Stack trace:
#0 /www/wwwroot/eliveapi/PhalApi/NotORM/NotORM/Result.php(811): NotORM_Result->query('SELECT id,title...', Array)
#1 /www/wwwroot/eliveapi/PhalApi/NotORM/NotORM/Result.php(896): NotORM_Result->execute()
#2 /www/wwwroot/eliveapi/Appapi/Model/Article.php(385): NotORM_Result->fetchAll()
#3 /www/wwwroot/eliveapi/Appapi/Domain/Article.php(91): Model_Article->getArticleList('1', '1', '1', '', '0', '1', '10', '7793')
#4 /www/wwwroot/eliveapi/Appapi/Api/Article.php(478): Domain_Article->getArticleList('1', '1', '1', '', '0', '1', '10', '7793')
#5 /www/wwwroot/eliveapi/PhalApi/PhalApi.php(57): Api_Article->getArticleList()
#6 /www/wwwroot/eliveapi/public/appapi/index.php(13): PhalApi->response()
#7 {main}
2022-07-11 15:30:18|ERROR|Article.GetArticleList|PDOException: Table 'live.cmf_article' doesn't exist in /www/wwwroot/eliveapi/PhalApi/NotORM/NotORM/Result.php:258
Stack trace:
#0 /www/wwwroot/eliveapi/PhalApi/NotORM/NotORM/Result.php(811): NotORM_Result->query('SELECT id,title...', Array)
#1 /www/wwwroot/eliveapi/PhalApi/NotORM/NotORM/Result.php(896): NotORM_Result->execute()
#2 /www/wwwroot/eliveapi/Appapi/Model/Article.php(385): NotORM_Result->fetchAll()
#3 /www/wwwroot/eliveapi/Appapi/Domain/Article.php(91): Model_Article->getArticleList('0', '0', '1', '', '0', '1', '10', '7793')
#4 /www/wwwroot/eliveapi/Appapi/Api/Article.php(478): Domain_Article->getArticleList('0', '0', '1', '', '0', '1', '10', '7793')
#5 /www/wwwroot/eliveapi/PhalApi/PhalApi.php(57): Api_Article->getArticleList()
#6 /www/wwwroot/eliveapi/public/appapi/index.php(13): PhalApi->response()
#7 {main}
2022-07-11 15:30:20|ERROR|Article.GetArticleList|PDOException: Table 'live.cmf_article' doesn't exist in /www/wwwroot/eliveapi/PhalApi/NotORM/NotORM/Result.php:258
Stack trace:
#0 /www/wwwroot/eliveapi/PhalApi/NotORM/NotORM/Result.php(811): NotORM_Result->query('SELECT id,title...', Array)
#1 /www/wwwroot/eliveapi/PhalApi/NotORM/NotORM/Result.php(896): NotORM_Result->execute()
#2 /www/wwwroot/eliveapi/Appapi/Model/Article.php(385): NotORM_Result->fetchAll()
#3 /www/wwwroot/eliveapi/Appapi/Domain/Article.php(91): Model_Article->getArticleList('0', '0', '1', '', '0', '1', '10', '7793')
#4 /www/wwwroot/eliveapi/Appapi/Api/Article.php(478): Domain_Article->getArticleList('0', '0', '1', '', '0', '1', '10', '7793')
#5 /www/wwwroot/eliveapi/PhalApi/PhalApi.php(57): Api_Article->getArticleList()
#6 /www/wwwroot/eliveapi/public/appapi/index.php(13): PhalApi->response()
#7 {main}
2022-07-11 15:30:29|ERROR|Article.GetArticleList|PDOException: Table 'live.cmf_article' doesn't exist in /www/wwwroot/eliveapi/PhalApi/NotORM/NotORM/Result.php:258
Stack trace:
#0 /www/wwwroot/eliveapi/PhalApi/NotORM/NotORM/Result.php(811): NotORM_Result->query('SELECT id,title...', Array)
#1 /www/wwwroot/eliveapi/PhalApi/NotORM/NotORM/Result.php(896): NotORM_Result->execute()
#2 /www/wwwroot/eliveapi/Appapi/Model/Article.php(385): NotORM_Result->fetchAll()
#3 /www/wwwroot/eliveapi/Appapi/Domain/Article.php(91): Model_Article->getArticleList('1', '0', '0', '', '0', '1', '10', '')
#4 /www/wwwroot/eliveapi/Appapi/Api/Article.php(478): Domain_Article->getArticleList('1', '0', '0', '', '0', '1', '10', '')
#5 /www/wwwroot/eliveapi/PhalApi/PhalApi.php(57): Api_Article->getArticleList()
#6 /www/wwwroot/eliveapi/public/appapi/index.php(13): PhalApi->response()
#7 {main}
2022-07-11 15:30:29|ERROR|Article.GetArticleList|PDOException: Table 'live.cmf_article' doesn't exist in /www/wwwroot/eliveapi/PhalApi/NotORM/NotORM/Result.php:258
Stack trace:
#0 /www/wwwroot/eliveapi/PhalApi/NotORM/NotORM/Result.php(811): NotORM_Result->query('SELECT id,title...', Array)
#1 /www/wwwroot/eliveapi/PhalApi/NotORM/NotORM/Result.php(896): NotORM_Result->execute()
#2 /www/wwwroot/eliveapi/Appapi/Model/Article.php(385): NotORM_Result->fetchAll()
#3 /www/wwwroot/eliveapi/Appapi/Domain/Article.php(91): Model_Article->getArticleList('1', '1', '0', '', '0', '1', '10', '')
#4 /www/wwwroot/eliveapi/Appapi/Api/Article.php(478): Domain_Article->getArticleList('1', '1', '0', '', '0', '1', '10', '')
#5 /www/wwwroot/eliveapi/PhalApi/PhalApi.php(57): Api_Article->getArticleList()
#6 /www/wwwroot/eliveapi/public/appapi/index.php(13): PhalApi->response()
#7 {main}
2022-07-11 15:36:36|ERROR|Article.GetArticleList|PDOException: Table 'live.cmf_article' doesn't exist in /www/wwwroot/eliveapi/PhalApi/NotORM/NotORM/Result.php:258
Stack trace:
#0 /www/wwwroot/eliveapi/PhalApi/NotORM/NotORM/Result.php(811): NotORM_Result->query('SELECT id,title...', Array)
#1 /www/wwwroot/eliveapi/PhalApi/NotORM/NotORM/Result.php(896): NotORM_Result->execute()
#2 /www/wwwroot/eliveapi/Appapi/Model/Article.php(385): NotORM_Result->fetchAll()
#3 /www/wwwroot/eliveapi/Appapi/Domain/Article.php(91): Model_Article->getArticleList('0', '0', '1', '', '0', '1', '10', '7793')
#4 /www/wwwroot/eliveapi/Appapi/Api/Article.php(478): Domain_Article->getArticleList('0', '0', '1', '', '0', '1', '10', '7793')
#5 /www/wwwroot/eliveapi/PhalApi/PhalApi.php(57): Api_Article->getArticleList()
#6 /www/wwwroot/eliveapi/public/appapi/index.php(13): PhalApi->response()
#7 {main}
2022-07-11 15:36:38|ERROR|Article.GetArticleList|PDOException: Table 'live.cmf_article' doesn't exist in /www/wwwroot/eliveapi/PhalApi/NotORM/NotORM/Result.php:258
Stack trace:
#0 /www/wwwroot/eliveapi/PhalApi/NotORM/NotORM/Result.php(811): NotORM_Result->query('SELECT id,title...', Array)
#1 /www/wwwroot/eliveapi/PhalApi/NotORM/NotORM/Result.php(896): NotORM_Result->execute()
#2 /www/wwwroot/eliveapi/Appapi/Model/Article.php(385): NotORM_Result->fetchAll()
#3 /www/wwwroot/eliveapi/Appapi/Domain/Article.php(91): Model_Article->getArticleList('1', '0', '0', '', '0', '1', '10', '7793')
#4 /www/wwwroot/eliveapi/Appapi/Api/Article.php(478): Domain_Article->getArticleList('1', '0', '0', '', '0', '1', '10', '7793')
#5 /www/wwwroot/eliveapi/PhalApi/PhalApi.php(57): Api_Article->getArticleList()
#6 /www/wwwroot/eliveapi/public/appapi/index.php(13): PhalApi->response()
#7 {main}
2022-07-11 15:36:38|ERROR|Article.GetArticleList|PDOException: Table 'live.cmf_article' doesn't exist in /www/wwwroot/eliveapi/PhalApi/NotORM/NotORM/Result.php:258
Stack trace:
#0 /www/wwwroot/eliveapi/PhalApi/NotORM/NotORM/Result.php(811): NotORM_Result->query('SELECT id,title...', Array)
#1 /www/wwwroot/eliveapi/PhalApi/NotORM/NotORM/Result.php(896): NotORM_Result->execute()
#2 /www/wwwroot/eliveapi/Appapi/Model/Article.php(385): NotORM_Result->fetchAll()
#3 /www/wwwroot/eliveapi/Appapi/Domain/Article.php(91): Model_Article->getArticleList('1', '1', '0', '', '0', '1', '10', '7793')
#4 /www/wwwroot/eliveapi/Appapi/Api/Article.php(478): Domain_Article->getArticleList('1', '1', '0', '', '0', '1', '10', '7793')
#5 /www/wwwroot/eliveapi/PhalApi/PhalApi.php(57): Api_Article->getArticleList()
#6 /www/wwwroot/eliveapi/public/appapi/index.php(13): PhalApi->response()
#7 {main}
2022-07-11 15:41:44|ERROR|Article.GetArticleList|PDOException: Table 'live.cmf_article' doesn't exist in /www/wwwroot/eliveapi/PhalApi/NotORM/NotORM/Result.php:258
Stack trace:
#0 /www/wwwroot/eliveapi/PhalApi/NotORM/NotORM/Result.php(811): NotORM_Result->query('SELECT id,title...', Array)
#1 /www/wwwroot/eliveapi/PhalApi/NotORM/NotORM/Result.php(896): NotORM_Result->execute()
#2 /www/wwwroot/eliveapi/Appapi/Model/Article.php(385): NotORM_Result->fetchAll()
#3 /www/wwwroot/eliveapi/Appapi/Domain/Article.php(91): Model_Article->getArticleList('0', '0', '0', '', '0', '2', '10', '918')
#4 /www/wwwroot/eliveapi/Appapi/Api/Article.php(478): Domain_Article->getArticleList('0', '0', '0', '', '0', '2', '10', '918')
#5 /www/wwwroot/eliveapi/PhalApi/PhalApi.php(57): Api_Article->getArticleList()
#6 /www/wwwroot/eliveapi/public/appapi/index.php(13): PhalApi->response()
#7 {main}
2022-07-11 15:41:48|ERROR|Article.GetArticleList|PDOException: Table 'live.cmf_article' doesn't exist in /www/wwwroot/eliveapi/PhalApi/NotORM/NotORM/Result.php:258
Stack trace:
#0 /www/wwwroot/eliveapi/PhalApi/NotORM/NotORM/Result.php(811): NotORM_Result->query('SELECT id,title...', Array)
#1 /www/wwwroot/eliveapi/PhalApi/NotORM/NotORM/Result.php(896): NotORM_Result->execute()
#2 /www/wwwroot/eliveapi/Appapi/Model/Article.php(385): NotORM_Result->fetchAll()
#3 /www/wwwroot/eliveapi/Appapi/Domain/Article.php(91): Model_Article->getArticleList('0', '0', '0', '', '0', '3', '10', '918')
#4 /www/wwwroot/eliveapi/Appapi/Api/Article.php(478): Domain_Article->getArticleList('0', '0', '0', '', '0', '3', '10', '918')
#5 /www/wwwroot/eliveapi/PhalApi/PhalApi.php(57): Api_Article->getArticleList()
#6 /www/wwwroot/eliveapi/public/appapi/index.php(13): PhalApi->response()
#7 {main}
2022-07-11 15:49:11|ERROR|Article.GetArticleList|PDOException: Table 'live.cmf_article' doesn't exist in /www/wwwroot/eliveapi/PhalApi/NotORM/NotORM/Result.php:258
Stack trace:
#0 /www/wwwroot/eliveapi/PhalApi/NotORM/NotORM/Result.php(811): NotORM_Result->query('SELECT id,title...', Array)
#1 /www/wwwroot/eliveapi/PhalApi/NotORM/NotORM/Result.php(896): NotORM_Result->execute()
#2 /www/wwwroot/eliveapi/Appapi/Model/Article.php(385): NotORM_Result->fetchAll()
#3 /www/wwwroot/eliveapi/Appapi/Domain/Article.php(91): Model_Article->getArticleList('0', '0', '0', '', '0', '4', '10', '918')
#4 /www/wwwroot/eliveapi/Appapi/Api/Article.php(478): Domain_Article->getArticleList('0', '0', '0', '', '0', '4', '10', '918')
#5 /www/wwwroot/eliveapi/PhalApi/PhalApi.php(57): Api_Article->getArticleList()
#6 /www/wwwroot/eliveapi/public/appapi/index.php(13): PhalApi->response()
#7 {main}
2022-07-11 15:52:50|ERROR|Article.GetArticleList|PDOException: Table 'live.cmf_article' doesn't exist in /www/wwwroot/eliveapi/PhalApi/NotORM/NotORM/Result.php:258
Stack trace:
#0 /www/wwwroot/eliveapi/PhalApi/NotORM/NotORM/Result.php(811): NotORM_Result->query('SELECT id,title...', Array)
#1 /www/wwwroot/eliveapi/PhalApi/NotORM/NotORM/Result.php(896): NotORM_Result->execute()
#2 /www/wwwroot/eliveapi/Appapi/Model/Article.php(385): NotORM_Result->fetchAll()
#3 /www/wwwroot/eliveapi/Appapi/Domain/Article.php(91): Model_Article->getArticleList('0', '0', '0', '', '0', '5', '10', '918')
#4 /www/wwwroot/eliveapi/Appapi/Api/Article.php(478): Domain_Article->getArticleList('0', '0', '0', '', '0', '5', '10', '918')
#5 /www/wwwroot/eliveapi/PhalApi/PhalApi.php(57): Api_Article->getArticleList()
#6 /www/wwwroot/eliveapi/public/appapi/index.php(13): PhalApi->response()
#7 {main}
2022-07-11 15:52:52|ERROR|Article.GetArticleList|PDOException: Table 'live.cmf_article' doesn't exist in /www/wwwroot/eliveapi/PhalApi/NotORM/NotORM/Result.php:258
Stack trace:
#0 /www/wwwroot/eliveapi/PhalApi/NotORM/NotORM/Result.php(811): NotORM_Result->query('SELECT id,title...', Array)
#1 /www/wwwroot/eliveapi/PhalApi/NotORM/NotORM/Result.php(896): NotORM_Result->execute()
#2 /www/wwwroot/eliveapi/Appapi/Model/Article.php(385): NotORM_Result->fetchAll()
#3 /www/wwwroot/eliveapi/Appapi/Domain/Article.php(91): Model_Article->getArticleList('1', '0', '0', '', '0', '1', '10', '918')
#4 /www/wwwroot/eliveapi/Appapi/Api/Article.php(478): Domain_Article->getArticleList('1', '0', '0', '', '0', '1', '10', '918')
#5 /www/wwwroot/eliveapi/PhalApi/PhalApi.php(57): Api_Article->getArticleList()
#6 /www/wwwroot/eliveapi/public/appapi/index.php(13): PhalApi->response()
#7 {main}
2022-07-11 15:52:52|ERROR|Article.GetArticleList|PDOException: Table 'live.cmf_article' doesn't exist in /www/wwwroot/eliveapi/PhalApi/NotORM/NotORM/Result.php:258
Stack trace:
#0 /www/wwwroot/eliveapi/PhalApi/NotORM/NotORM/Result.php(811): NotORM_Result->query('SELECT id,title...', Array)
#1 /www/wwwroot/eliveapi/PhalApi/NotORM/NotORM/Result.php(896): NotORM_Result->execute()
#2 /www/wwwroot/eliveapi/Appapi/Model/Article.php(385): NotORM_Result->fetchAll()
#3 /www/wwwroot/eliveapi/Appapi/Domain/Article.php(91): Model_Article->getArticleList('0', '1', '0', '', '0', '1', '6', '918')
#4 /www/wwwroot/eliveapi/Appapi/Api/Article.php(478): Domain_Article->getArticleList('0', '1', '0', '', '0', '1', '6', '918')
#5 /www/wwwroot/eliveapi/PhalApi/PhalApi.php(57): Api_Article->getArticleList()
#6 /www/wwwroot/eliveapi/public/appapi/index.php(13): PhalApi->response()
#7 {main}
2022-07-11 15:52:52|ERROR|Article.GetArticleList|PDOException: Table 'live.cmf_article' doesn't exist in /www/wwwroot/eliveapi/PhalApi/NotORM/NotORM/Result.php:258
Stack trace:
#0 /www/wwwroot/eliveapi/PhalApi/NotORM/NotORM/Result.php(811): NotORM_Result->query('SELECT id,title...', Array)
#1 /www/wwwroot/eliveapi/PhalApi/NotORM/NotORM/Result.php(896): NotORM_Result->execute()
#2 /www/wwwroot/eliveapi/Appapi/Model/Article.php(385): NotORM_Result->fetchAll()
#3 /www/wwwroot/eliveapi/Appapi/Domain/Article.php(91): Model_Article->getArticleList('0', '0', '0', '', '0', '1', '10', '918')
#4 /www/wwwroot/eliveapi/Appapi/Api/Article.php(478): Domain_Article->getArticleList('0', '0', '0', '', '0', '1', '10', '918')
#5 /www/wwwroot/eliveapi/PhalApi/PhalApi.php(57): Api_Article->getArticleList()
#6 /www/wwwroot/eliveapi/public/appapi/index.php(13): PhalApi->response()
#7 {main}
2022-07-11 15:52:57|ERROR|Article.GetArticleList|PDOException: Table 'live.cmf_article' doesn't exist in /www/wwwroot/eliveapi/PhalApi/NotORM/NotORM/Result.php:258
Stack trace:
#0 /www/wwwroot/eliveapi/PhalApi/NotORM/NotORM/Result.php(811): NotORM_Result->query('SELECT id,title...', Array)
#1 /www/wwwroot/eliveapi/PhalApi/NotORM/NotORM/Result.php(896): NotORM_Result->execute()
#2 /www/wwwroot/eliveapi/Appapi/Model/Article.php(385): NotORM_Result->fetchAll()
#3 /www/wwwroot/eliveapi/Appapi/Domain/Article.php(91): Model_Article->getArticleList('0', '0', '0', '', '0', '2', '10', '918')
#4 /www/wwwroot/eliveapi/Appapi/Api/Article.php(478): Domain_Article->getArticleList('0', '0', '0', '', '0', '2', '10', '918')
#5 /www/wwwroot/eliveapi/PhalApi/PhalApi.php(57): Api_Article->getArticleList()
#6 /www/wwwroot/eliveapi/public/appapi/index.php(13): PhalApi->response()
#7 {main}
2022-07-11 16:02:01|ERROR|Article.GetArticleList|PDOException: Table 'live.cmf_article' doesn't exist in /www/wwwroot/eliveapi/PhalApi/NotORM/NotORM/Result.php:258
Stack trace:
#0 /www/wwwroot/eliveapi/PhalApi/NotORM/NotORM/Result.php(811): NotORM_Result->query('SELECT id,title...', Array)
#1 /www/wwwroot/eliveapi/PhalApi/NotORM/NotORM/Result.php(896): NotORM_Result->execute()
#2 /www/wwwroot/eliveapi/Appapi/Model/Article.php(385): NotORM_Result->fetchAll()
#3 /www/wwwroot/eliveapi/Appapi/Domain/Article.php(91): Model_Article->getArticleList('0', '0', '0', '', '0', '3', '10', '918')
#4 /www/wwwroot/eliveapi/Appapi/Api/Article.php(478): Domain_Article->getArticleList('0', '0', '0', '', '0', '3', '10', '918')
#5 /www/wwwroot/eliveapi/PhalApi/PhalApi.php(57): Api_Article->getArticleList()
#6 /www/wwwroot/eliveapi/public/appapi/index.php(13): PhalApi->response()
#7 {main}
2022-07-11 16:02:02|ERROR|Article.GetArticleList|PDOException: Table 'live.cmf_article' doesn't exist in /www/wwwroot/eliveapi/PhalApi/NotORM/NotORM/Result.php:258
Stack trace:
#0 /www/wwwroot/eliveapi/PhalApi/NotORM/NotORM/Result.php(811): NotORM_Result->query('SELECT id,title...', Array)
#1 /www/wwwroot/eliveapi/PhalApi/NotORM/NotORM/Result.php(896): NotORM_Result->execute()
#2 /www/wwwroot/eliveapi/Appapi/Model/Article.php(385): NotORM_Result->fetchAll()
#3 /www/wwwroot/eliveapi/Appapi/Domain/Article.php(91): Model_Article->getArticleList('0', '0', '0', '', '0', '4', '10', '918')
#4 /www/wwwroot/eliveapi/Appapi/Api/Article.php(478): Domain_Article->getArticleList('0', '0', '0', '', '0', '4', '10', '918')
#5 /www/wwwroot/eliveapi/PhalApi/PhalApi.php(57): Api_Article->getArticleList()
#6 /www/wwwroot/eliveapi/public/appapi/index.php(13): PhalApi->response()
#7 {main}
2022-07-11 16:02:29|ERROR|Article.GetArticleList|PDOException: Table 'live.cmf_article' doesn't exist in /www/wwwroot/eliveapi/PhalApi/NotORM/NotORM/Result.php:258
Stack trace:
#0 /www/wwwroot/eliveapi/PhalApi/NotORM/NotORM/Result.php(811): NotORM_Result->query('SELECT id,title...', Array)
#1 /www/wwwroot/eliveapi/PhalApi/NotORM/NotORM/Result.php(896): NotORM_Result->execute()
#2 /www/wwwroot/eliveapi/Appapi/Model/Article.php(385): NotORM_Result->fetchAll()
#3 /www/wwwroot/eliveapi/Appapi/Domain/Article.php(91): Model_Article->getArticleList('0', '0', '0', '', '0', '5', '10', '918')
#4 /www/wwwroot/eliveapi/Appapi/Api/Article.php(478): Domain_Article->getArticleList('0', '0', '0', '', '0', '5', '10', '918')
#5 /www/wwwroot/eliveapi/PhalApi/PhalApi.php(57): Api_Article->getArticleList()
#6 /www/wwwroot/eliveapi/public/appapi/index.php(13): PhalApi->response()
#7 {main}
2022-07-11 16:02:30|ERROR|Article.GetArticleList|PDOException: Table 'live.cmf_article' doesn't exist in /www/wwwroot/eliveapi/PhalApi/NotORM/NotORM/Result.php:258
Stack trace:
#0 /www/wwwroot/eliveapi/PhalApi/NotORM/NotORM/Result.php(811): NotORM_Result->query('SELECT id,title...', Array)
#1 /www/wwwroot/eliveapi/PhalApi/NotORM/NotORM/Result.php(896): NotORM_Result->execute()
#2 /www/wwwroot/eliveapi/Appapi/Model/Article.php(385): NotORM_Result->fetchAll()
#3 /www/wwwroot/eliveapi/Appapi/Domain/Article.php(91): Model_Article->getArticleList('0', '0', '0', '', '0', '6', '10', '918')
#4 /www/wwwroot/eliveapi/Appapi/Api/Article.php(478): Domain_Article->getArticleList('0', '0', '0', '', '0', '6', '10', '918')
#5 /www/wwwroot/eliveapi/PhalApi/PhalApi.php(57): Api_Article->getArticleList()
#6 /www/wwwroot/eliveapi/public/appapi/index.php(13): PhalApi->response()
#7 {main}
2022-07-11 16:02:31|ERROR|Article.GetArticleList|PDOException: Table 'live.cmf_article' doesn't exist in /www/wwwroot/eliveapi/PhalApi/NotORM/NotORM/Result.php:258
Stack trace:
#0 /www/wwwroot/eliveapi/PhalApi/NotORM/NotORM/Result.php(811): NotORM_Result->query('SELECT id,title...', Array)
#1 /www/wwwroot/eliveapi/PhalApi/NotORM/NotORM/Result.php(896): NotORM_Result->execute()
#2 /www/wwwroot/eliveapi/Appapi/Model/Article.php(385): NotORM_Result->fetchAll()
#3 /www/wwwroot/eliveapi/Appapi/Domain/Article.php(91): Model_Article->getArticleList('0', '0', '0', '', '0', '7', '10', '918')
#4 /www/wwwroot/eliveapi/Appapi/Api/Article.php(478): Domain_Article->getArticleList('0', '0', '0', '', '0', '7', '10', '918')
#5 /www/wwwroot/eliveapi/PhalApi/PhalApi.php(57): Api_Article->getArticleList()
#6 /www/wwwroot/eliveapi/public/appapi/index.php(13): PhalApi->response()
#7 {main}
2022-07-11 16:03:55|ERROR|Article.GetArticleList|PDOException: Table 'live.cmf_article' doesn't exist in /www/wwwroot/eliveapi/PhalApi/NotORM/NotORM/Result.php:258
Stack trace:
#0 /www/wwwroot/eliveapi/PhalApi/NotORM/NotORM/Result.php(811): NotORM_Result->query('SELECT id,title...', Array)
#1 /www/wwwroot/eliveapi/PhalApi/NotORM/NotORM/Result.php(896): NotORM_Result->execute()
#2 /www/wwwroot/eliveapi/Appapi/Model/Article.php(385): NotORM_Result->fetchAll()
#3 /www/wwwroot/eliveapi/Appapi/Domain/Article.php(91): Model_Article->getArticleList('0', '0', '0', '', '0', '8', '10', '918')
#4 /www/wwwroot/eliveapi/Appapi/Api/Article.php(478): Domain_Article->getArticleList('0', '0', '0', '', '0', '8', '10', '918')
#5 /www/wwwroot/eliveapi/PhalApi/PhalApi.php(57): Api_Article->getArticleList()
#6 /www/wwwroot/eliveapi/public/appapi/index.php(13): PhalApi->response()
#7 {main}
2022-07-11 16:04:13|ERROR|Article.GetArticleList|PDOException: Table 'live.cmf_article' doesn't exist in /www/wwwroot/eliveapi/PhalApi/NotORM/NotORM/Result.php:258
Stack trace:
#0 /www/wwwroot/eliveapi/PhalApi/NotORM/NotORM/Result.php(811): NotORM_Result->query('SELECT id,title...', Array)
#1 /www/wwwroot/eliveapi/PhalApi/NotORM/NotORM/Result.php(896): NotORM_Result->execute()
#2 /www/wwwroot/eliveapi/Appapi/Model/Article.php(385): NotORM_Result->fetchAll()
#3 /www/wwwroot/eliveapi/Appapi/Domain/Article.php(91): Model_Article->getArticleList('0', '0', '0', '', '0', '9', '10', '918')
#4 /www/wwwroot/eliveapi/Appapi/Api/Article.php(478): Domain_Article->getArticleList('0', '0', '0', '', '0', '9', '10', '918')
#5 /www/wwwroot/eliveapi/PhalApi/PhalApi.php(57): Api_Article->getArticleList()
#6 /www/wwwroot/eliveapi/public/appapi/index.php(13): PhalApi->response()
#7 {main}
2022-07-11 16:05:24|ERROR|Article.GetArticleList|PDOException: Table 'live.cmf_article' doesn't exist in /www/wwwroot/eliveapi/PhalApi/NotORM/NotORM/Result.php:258
Stack trace:
#0 /www/wwwroot/eliveapi/PhalApi/NotORM/NotORM/Result.php(811): NotORM_Result->query('SELECT id,title...', Array)
#1 /www/wwwroot/eliveapi/PhalApi/NotORM/NotORM/Result.php(896): NotORM_Result->execute()
#2 /www/wwwroot/eliveapi/Appapi/Model/Article.php(385): NotORM_Result->fetchAll()
#3 /www/wwwroot/eliveapi/Appapi/Domain/Article.php(91): Model_Article->getArticleList('0', '0', '0', '', '0', '10', '10', '918')
#4 /www/wwwroot/eliveapi/Appapi/Api/Article.php(478): Domain_Article->getArticleList('0', '0', '0', '', '0', '10', '10', '918')
#5 /www/wwwroot/eliveapi/PhalApi/PhalApi.php(57): Api_Article->getArticleList()
#6 /www/wwwroot/eliveapi/public/appapi/index.php(13): PhalApi->response()
#7 {main}
2022-07-11 16:05:26|ERROR|Article.GetArticleList|PDOException: Table 'live.cmf_article' doesn't exist in /www/wwwroot/eliveapi/PhalApi/NotORM/NotORM/Result.php:258
Stack trace:
#0 /www/wwwroot/eliveapi/PhalApi/NotORM/NotORM/Result.php(811): NotORM_Result->query('SELECT id,title...', Array)
#1 /www/wwwroot/eliveapi/PhalApi/NotORM/NotORM/Result.php(896): NotORM_Result->execute()
#2 /www/wwwroot/eliveapi/Appapi/Model/Article.php(385): NotORM_Result->fetchAll()
#3 /www/wwwroot/eliveapi/Appapi/Domain/Article.php(91): Model_Article->getArticleList('0', '1', '0', '', '0', '1', '6', '918')
#4 /www/wwwroot/eliveapi/Appapi/Api/Article.php(478): Domain_Article->getArticleList('0', '1', '0', '', '0', '1', '6', '918')
#5 /www/wwwroot/eliveapi/PhalApi/PhalApi.php(57): Api_Article->getArticleList()
#6 /www/wwwroot/eliveapi/public/appapi/index.php(13): PhalApi->response()
#7 {main}
2022-07-11 16:05:26|ERROR|Article.GetArticleList|PDOException: Table 'live.cmf_article' doesn't exist in /www/wwwroot/eliveapi/PhalApi/NotORM/NotORM/Result.php:258
Stack trace:
#0 /www/wwwroot/eliveapi/PhalApi/NotORM/NotORM/Result.php(811): NotORM_Result->query('SELECT id,title...', Array)
#1 /www/wwwroot/eliveapi/PhalApi/NotORM/NotORM/Result.php(896): NotORM_Result->execute()
#2 /www/wwwroot/eliveapi/Appapi/Model/Article.php(385): NotORM_Result->fetchAll()
#3 /www/wwwroot/eliveapi/Appapi/Domain/Article.php(91): Model_Article->getArticleList('1', '0', '0', '', '0', '1', '10', '918')
#4 /www/wwwroot/eliveapi/Appapi/Api/Article.php(478): Domain_Article->getArticleList('1', '0', '0', '', '0', '1', '10', '918')
#5 /www/wwwroot/eliveapi/PhalApi/PhalApi.php(57): Api_Article->getArticleList()
#6 /www/wwwroot/eliveapi/public/appapi/index.php(13): PhalApi->response()
#7 {main}
2022-07-11 16:05:26|ERROR|Article.GetArticleList|PDOException: Table 'live.cmf_article' doesn't exist in /www/wwwroot/eliveapi/PhalApi/NotORM/NotORM/Result.php:258
Stack trace:
#0 /www/wwwroot/eliveapi/PhalApi/NotORM/NotORM/Result.php(811): NotORM_Result->query('SELECT id,title...', Array)
#1 /www/wwwroot/eliveapi/PhalApi/NotORM/NotORM/Result.php(896): NotORM_Result->execute()
#2 /www/wwwroot/eliveapi/Appapi/Model/Article.php(385): NotORM_Result->fetchAll()
#3 /www/wwwroot/eliveapi/Appapi/Domain/Article.php(91): Model_Article->getArticleList('0', '0', '0', '', '0', '1', '10', '918')
#4 /www/wwwroot/eliveapi/Appapi/Api/Article.php(478): Domain_Article->getArticleList('0', '0', '0', '', '0', '1', '10', '918')
#5 /www/wwwroot/eliveapi/PhalApi/PhalApi.php(57): Api_Article->getArticleList()
#6 /www/wwwroot/eliveapi/public/appapi/index.php(13): PhalApi->response()
#7 {main}
2022-07-11 16:14:34|ERROR|Article.GetArticleList|PDOException: Table 'live.cmf_article' doesn't exist in /www/wwwroot/eliveapi/PhalApi/NotORM/NotORM/Result.php:258
Stack trace:
#0 /www/wwwroot/eliveapi/PhalApi/NotORM/NotORM/Result.php(811): NotORM_Result->query('SELECT id,title...', Array)
#1 /www/wwwroot/eliveapi/PhalApi/NotORM/NotORM/Result.php(896): NotORM_Result->execute()
#2 /www/wwwroot/eliveapi/Appapi/Model/Article.php(385): NotORM_Result->fetchAll()
#3 /www/wwwroot/eliveapi/Appapi/Domain/Article.php(91): Model_Article->getArticleList('0', '0', '0', '', '0', '2', '10', '918')
#4 /www/wwwroot/eliveapi/Appapi/Api/Article.php(478): Domain_Article->getArticleList('0', '0', '0', '', '0', '2', '10', '918')
#5 /www/wwwroot/eliveapi/PhalApi/PhalApi.php(57): Api_Article->getArticleList()
#6 /www/wwwroot/eliveapi/public/appapi/index.php(13): PhalApi->response()
#7 {main}
2022-07-11 16:29:57|ERROR|Article.GetArticleList|PDOException: Table 'live.cmf_article' doesn't exist in /www/wwwroot/eliveapi/PhalApi/NotORM/NotORM/Result.php:258
Stack trace:
#0 /www/wwwroot/eliveapi/PhalApi/NotORM/NotORM/Result.php(811): NotORM_Result->query('SELECT id,title...', Array)
#1 /www/wwwroot/eliveapi/PhalApi/NotORM/NotORM/Result.php(896): NotORM_Result->execute()
#2 /www/wwwroot/eliveapi/Appapi/Model/Article.php(385): NotORM_Result->fetchAll()
#3 /www/wwwroot/eliveapi/Appapi/Domain/Article.php(91): Model_Article->getArticleList('0', '0', '0', '', '0', '3', '10', '918')
#4 /www/wwwroot/eliveapi/Appapi/Api/Article.php(478): Domain_Article->getArticleList('0', '0', '0', '', '0', '3', '10', '918')
#5 /www/wwwroot/eliveapi/PhalApi/PhalApi.php(57): Api_Article->getArticleList()
#6 /www/wwwroot/eliveapi/public/appapi/index.php(13): PhalApi->response()
#7 {main}
2022-07-11 17:16:17|ERROR|Article.GetArticleList|PDOException: Table 'live.cmf_article' doesn't exist in /www/wwwroot/eliveapi/PhalApi/NotORM/NotORM/Result.php:258
Stack trace:
#0 /www/wwwroot/eliveapi/PhalApi/NotORM/NotORM/Result.php(811): NotORM_Result->query('SELECT id,title...', Array)
#1 /www/wwwroot/eliveapi/PhalApi/NotORM/NotORM/Result.php(896): NotORM_Result->execute()
#2 /www/wwwroot/eliveapi/Appapi/Model/Article.php(385): NotORM_Result->fetchAll()
#3 /www/wwwroot/eliveapi/Appapi/Domain/Article.php(91): Model_Article->getArticleList('0', '0', '0', '', '0', '4', '10', '918')
#4 /www/wwwroot/eliveapi/Appapi/Api/Article.php(478): Domain_Article->getArticleList('0', '0', '0', '', '0', '4', '10', '918')
#5 /www/wwwroot/eliveapi/PhalApi/PhalApi.php(57): Api_Article->getArticleList()
#6 /www/wwwroot/eliveapi/public/appapi/index.php(13): PhalApi->response()
#7 {main}
2022-07-11 17:16:21|ERROR|Article.GetArticleList|PDOException: Table 'live.cmf_article' doesn't exist in /www/wwwroot/eliveapi/PhalApi/NotORM/NotORM/Result.php:258
Stack trace:
#0 /www/wwwroot/eliveapi/PhalApi/NotORM/NotORM/Result.php(811): NotORM_Result->query('SELECT id,title...', Array)
#1 /www/wwwroot/eliveapi/PhalApi/NotORM/NotORM/Result.php(896): NotORM_Result->execute()
#2 /www/wwwroot/eliveapi/Appapi/Model/Article.php(385): NotORM_Result->fetchAll()
#3 /www/wwwroot/eliveapi/Appapi/Domain/Article.php(91): Model_Article->getArticleList('0', '0', '0', '', '0', '5', '10', '918')
#4 /www/wwwroot/eliveapi/Appapi/Api/Article.php(478): Domain_Article->getArticleList('0', '0', '0', '', '0', '5', '10', '918')
#5 /www/wwwroot/eliveapi/PhalApi/PhalApi.php(57): Api_Article->getArticleList()
#6 /www/wwwroot/eliveapi/public/appapi/index.php(13): PhalApi->response()
#7 {main}
2022-07-11 17:38:49|ERROR|Article.GetArticleList|PDOException: Table 'live.cmf_article' doesn't exist in /www/wwwroot/eliveapi/PhalApi/NotORM/NotORM/Result.php:258
Stack trace:
#0 /www/wwwroot/eliveapi/PhalApi/NotORM/NotORM/Result.php(811): NotORM_Result->query('SELECT id,title...', Array)
#1 /www/wwwroot/eliveapi/PhalApi/NotORM/NotORM/Result.php(896): NotORM_Result->execute()
#2 /www/wwwroot/eliveapi/Appapi/Model/Article.php(385): NotORM_Result->fetchAll()
#3 /www/wwwroot/eliveapi/Appapi/Domain/Article.php(91): Model_Article->getArticleList('0', '1', '0', '', '0', '1', '6', '918')
#4 /www/wwwroot/eliveapi/Appapi/Api/Article.php(478): Domain_Article->getArticleList('0', '1', '0', '', '0', '1', '6', '918')
#5 /www/wwwroot/eliveapi/PhalApi/PhalApi.php(57): Api_Article->getArticleList()
#6 /www/wwwroot/eliveapi/public/appapi/index.php(13): PhalApi->response()
#7 {main}
2022-07-11 17:38:49|ERROR|Article.GetArticleList|PDOException: Table 'live.cmf_article' doesn't exist in /www/wwwroot/eliveapi/PhalApi/NotORM/NotORM/Result.php:258
Stack trace:
#0 /www/wwwroot/eliveapi/PhalApi/NotORM/NotORM/Result.php(811): NotORM_Result->query('SELECT id,title...', Array)
#1 /www/wwwroot/eliveapi/PhalApi/NotORM/NotORM/Result.php(896): NotORM_Result->execute()
#2 /www/wwwroot/eliveapi/Appapi/Model/Article.php(385): NotORM_Result->fetchAll()
#3 /www/wwwroot/eliveapi/Appapi/Domain/Article.php(91): Model_Article->getArticleList('1', '0', '0', '', '0', '1', '10', '918')
#4 /www/wwwroot/eliveapi/Appapi/Api/Article.php(478): Domain_Article->getArticleList('1', '0', '0', '', '0', '1', '10', '918')
#5 /www/wwwroot/eliveapi/PhalApi/PhalApi.php(57): Api_Article->getArticleList()
#6 /www/wwwroot/eliveapi/public/appapi/index.php(13): PhalApi->response()
#7 {main}
2022-07-11 17:38:49|ERROR|Article.GetArticleList|PDOException: Table 'live.cmf_article' doesn't exist in /www/wwwroot/eliveapi/PhalApi/NotORM/NotORM/Result.php:258
Stack trace:
#0 /www/wwwroot/eliveapi/PhalApi/NotORM/NotORM/Result.php(811): NotORM_Result->query('SELECT id,title...', Array)
#1 /www/wwwroot/eliveapi/PhalApi/NotORM/NotORM/Result.php(896): NotORM_Result->execute()
#2 /www/wwwroot/eliveapi/Appapi/Model/Article.php(385): NotORM_Result->fetchAll()
#3 /www/wwwroot/eliveapi/Appapi/Domain/Article.php(91): Model_Article->getArticleList('0', '0', '0', '', '0', '1', '10', '918')
#4 /www/wwwroot/eliveapi/Appapi/Api/Article.php(478): Domain_Article->getArticleList('0', '0', '0', '', '0', '1', '10', '918')
#5 /www/wwwroot/eliveapi/PhalApi/PhalApi.php(57): Api_Article->getArticleList()
#6 /www/wwwroot/eliveapi/public/appapi/index.php(13): PhalApi->response()
#7 {main}
2022-07-11 17:38:52|ERROR|Article.GetArticleList|PDOException: Table 'live.cmf_article' doesn't exist in /www/wwwroot/eliveapi/PhalApi/NotORM/NotORM/Result.php:258
Stack trace:
#0 /www/wwwroot/eliveapi/PhalApi/NotORM/NotORM/Result.php(811): NotORM_Result->query('SELECT id,title...', Array)
#1 /www/wwwroot/eliveapi/PhalApi/NotORM/NotORM/Result.php(896): NotORM_Result->execute()
#2 /www/wwwroot/eliveapi/Appapi/Model/Article.php(385): NotORM_Result->fetchAll()
#3 /www/wwwroot/eliveapi/Appapi/Domain/Article.php(91): Model_Article->getArticleList('0', '0', '0', '', '0', '1', '10', '918')
#4 /www/wwwroot/eliveapi/Appapi/Api/Article.php(478): Domain_Article->getArticleList('0', '0', '0', '', '0', '1', '10', '918')
#5 /www/wwwroot/eliveapi/PhalApi/PhalApi.php(57): Api_Article->getArticleList()
#6 /www/wwwroot/eliveapi/public/appapi/index.php(13): PhalApi->response()
#7 {main}
2022-07-11 17:38:54|ERROR|Article.GetArticleList|PDOException: Table 'live.cmf_article' doesn't exist in /www/wwwroot/eliveapi/PhalApi/NotORM/NotORM/Result.php:258
Stack trace:
#0 /www/wwwroot/eliveapi/PhalApi/NotORM/NotORM/Result.php(811): NotORM_Result->query('SELECT id,title...', Array)
#1 /www/wwwroot/eliveapi/PhalApi/NotORM/NotORM/Result.php(896): NotORM_Result->execute()
#2 /www/wwwroot/eliveapi/Appapi/Model/Article.php(385): NotORM_Result->fetchAll()
#3 /www/wwwroot/eliveapi/Appapi/Domain/Article.php(91): Model_Article->getArticleList('1', '0', '0', '', '0', '1', '10', '918')
#4 /www/wwwroot/eliveapi/Appapi/Api/Article.php(478): Domain_Article->getArticleList('1', '0', '0', '', '0', '1', '10', '918')
#5 /www/wwwroot/eliveapi/PhalApi/PhalApi.php(57): Api_Article->getArticleList()
#6 /www/wwwroot/eliveapi/public/appapi/index.php(13): PhalApi->response()
#7 {main}
2022-07-11 17:38:54|ERROR|Article.GetArticleList|PDOException: Table 'live.cmf_article' doesn't exist in /www/wwwroot/eliveapi/PhalApi/NotORM/NotORM/Result.php:258
Stack trace:
#0 /www/wwwroot/eliveapi/PhalApi/NotORM/NotORM/Result.php(811): NotORM_Result->query('SELECT id,title...', Array)
#1 /www/wwwroot/eliveapi/PhalApi/NotORM/NotORM/Result.php(896): NotORM_Result->execute()
#2 /www/wwwroot/eliveapi/Appapi/Model/Article.php(385): NotORM_Result->fetchAll()
#3 /www/wwwroot/eliveapi/Appapi/Domain/Article.php(91): Model_Article->getArticleList('0', '1', '0', '', '0', '1', '6', '918')
#4 /www/wwwroot/eliveapi/Appapi/Api/Article.php(478): Domain_Article->getArticleList('0', '1', '0', '', '0', '1', '6', '918')
#5 /www/wwwroot/eliveapi/PhalApi/PhalApi.php(57): Api_Article->getArticleList()
#6 /www/wwwroot/eliveapi/public/appapi/index.php(13): PhalApi->response()
#7 {main}
2022-07-11 17:38:54|ERROR|Article.GetArticleList|PDOException: Table 'live.cmf_article' doesn't exist in /www/wwwroot/eliveapi/PhalApi/NotORM/NotORM/Result.php:258
Stack trace:
#0 /www/wwwroot/eliveapi/PhalApi/NotORM/NotORM/Result.php(811): NotORM_Result->query('SELECT id,title...', Array)
#1 /www/wwwroot/eliveapi/PhalApi/NotORM/NotORM/Result.php(896): NotORM_Result->execute()
#2 /www/wwwroot/eliveapi/Appapi/Model/Article.php(385): NotORM_Result->fetchAll()
#3 /www/wwwroot/eliveapi/Appapi/Domain/Article.php(91): Model_Article->getArticleList('0', '0', '0', '', '0', '1', '10', '918')
#4 /www/wwwroot/eliveapi/Appapi/Api/Article.php(478): Domain_Article->getArticleList('0', '0', '0', '', '0', '1', '10', '918')
#5 /www/wwwroot/eliveapi/PhalApi/PhalApi.php(57): Api_Article->getArticleList()
#6 /www/wwwroot/eliveapi/public/appapi/index.php(13): PhalApi->response()
#7 {main}
2022-07-11 17:39:26|ERROR|Article.GetArticleList|PDOException: Table 'live.cmf_article' doesn't exist in /www/wwwroot/eliveapi/PhalApi/NotORM/NotORM/Result.php:258
Stack trace:
#0 /www/wwwroot/eliveapi/PhalApi/NotORM/NotORM/Result.php(811): NotORM_Result->query('SELECT id,title...', Array)
#1 /www/wwwroot/eliveapi/PhalApi/NotORM/NotORM/Result.php(896): NotORM_Result->execute()
#2 /www/wwwroot/eliveapi/Appapi/Model/Article.php(385): NotORM_Result->fetchAll()
#3 /www/wwwroot/eliveapi/Appapi/Domain/Article.php(91): Model_Article->getArticleList('1', '1', '0', '', '0', '1', '10', '7793')
#4 /www/wwwroot/eliveapi/Appapi/Api/Article.php(478): Domain_Article->getArticleList('1', '1', '0', '', '0', '1', '10', '7793')
#5 /www/wwwroot/eliveapi/PhalApi/PhalApi.php(57): Api_Article->getArticleList()
#6 /www/wwwroot/eliveapi/public/appapi/index.php(13): PhalApi->response()
#7 {main}
2022-07-11 17:39:26|ERROR|Article.GetArticleList|PDOException: Table 'live.cmf_article' doesn't exist in /www/wwwroot/eliveapi/PhalApi/NotORM/NotORM/Result.php:258
Stack trace:
#0 /www/wwwroot/eliveapi/PhalApi/NotORM/NotORM/Result.php(811): NotORM_Result->query('SELECT id,title...', Array)
#1 /www/wwwroot/eliveapi/PhalApi/NotORM/NotORM/Result.php(896): NotORM_Result->execute()
#2 /www/wwwroot/eliveapi/Appapi/Model/Article.php(385): NotORM_Result->fetchAll()
#3 /www/wwwroot/eliveapi/Appapi/Domain/Article.php(91): Model_Article->getArticleList('1', '0', '0', '', '0', '1', '10', '7793')
#4 /www/wwwroot/eliveapi/Appapi/Api/Article.php(478): Domain_Article->getArticleList('1', '0', '0', '', '0', '1', '10', '7793')
#5 /www/wwwroot/eliveapi/PhalApi/PhalApi.php(57): Api_Article->getArticleList()
#6 /www/wwwroot/eliveapi/public/appapi/index.php(13): PhalApi->response()
#7 {main}
2022-07-11 17:39:30|ERROR|Article.GetArticleList|PDOException: Table 'live.cmf_article' doesn't exist in /www/wwwroot/eliveapi/PhalApi/NotORM/NotORM/Result.php:258
Stack trace:
#0 /www/wwwroot/eliveapi/PhalApi/NotORM/NotORM/Result.php(811): NotORM_Result->query('SELECT id,title...', Array)
#1 /www/wwwroot/eliveapi/PhalApi/NotORM/NotORM/Result.php(896): NotORM_Result->execute()
#2 /www/wwwroot/eliveapi/Appapi/Model/Article.php(385): NotORM_Result->fetchAll()
#3 /www/wwwroot/eliveapi/Appapi/Domain/Article.php(91): Model_Article->getArticleList('1', '0', '0', '', '0', '1', '10', '7793')
#4 /www/wwwroot/eliveapi/Appapi/Api/Article.php(478): Domain_Article->getArticleList('1', '0', '0', '', '0', '1', '10', '7793')
#5 /www/wwwroot/eliveapi/PhalApi/PhalApi.php(57): Api_Article->getArticleList()
#6 /www/wwwroot/eliveapi/public/appapi/index.php(13): PhalApi->response()
#7 {main}
2022-07-11 17:39:59|ERROR|Article.GetArticleList|PDOException: Table 'live.cmf_article' doesn't exist in /www/wwwroot/eliveapi/PhalApi/NotORM/NotORM/Result.php:258
Stack trace:
#0 /www/wwwroot/eliveapi/PhalApi/NotORM/NotORM/Result.php(811): NotORM_Result->query('SELECT id,title...', Array)
#1 /www/wwwroot/eliveapi/PhalApi/NotORM/NotORM/Result.php(896): NotORM_Result->execute()
#2 /www/wwwroot/eliveapi/Appapi/Model/Article.php(385): NotORM_Result->fetchAll()
#3 /www/wwwroot/eliveapi/Appapi/Domain/Article.php(91): Model_Article->getArticleList('0', '0', '0', '', '0', '2', '10', '918')
#4 /www/wwwroot/eliveapi/Appapi/Api/Article.php(478): Domain_Article->getArticleList('0', '0', '0', '', '0', '2', '10', '918')
#5 /www/wwwroot/eliveapi/PhalApi/PhalApi.php(57): Api_Article->getArticleList()
#6 /www/wwwroot/eliveapi/public/appapi/index.php(13): PhalApi->response()
#7 {main}
2022-07-11 17:39:59|ERROR|Article.GetArticleList|PDOException: Table 'live.cmf_article' doesn't exist in /www/wwwroot/eliveapi/PhalApi/NotORM/NotORM/Result.php:258
Stack trace:
#0 /www/wwwroot/eliveapi/PhalApi/NotORM/NotORM/Result.php(811): NotORM_Result->query('SELECT id,title...', Array)
#1 /www/wwwroot/eliveapi/PhalApi/NotORM/NotORM/Result.php(896): NotORM_Result->execute()
#2 /www/wwwroot/eliveapi/Appapi/Model/Article.php(385): NotORM_Result->fetchAll()
#3 /www/wwwroot/eliveapi/Appapi/Domain/Article.php(91): Model_Article->getArticleList('0', '0', '0', '', '0', '3', '10', '918')
#4 /www/wwwroot/eliveapi/Appapi/Api/Article.php(478): Domain_Article->getArticleList('0', '0', '0', '', '0', '3', '10', '918')
#5 /www/wwwroot/eliveapi/PhalApi/PhalApi.php(57): Api_Article->getArticleList()
#6 /www/wwwroot/eliveapi/public/appapi/index.php(13): PhalApi->response()
#7 {main}
2022-07-11 17:40:27|ERROR|Article.GetArticleList|PDOException: Table 'live.cmf_article' doesn't exist in /www/wwwroot/eliveapi/PhalApi/NotORM/NotORM/Result.php:258
Stack trace:
#0 /www/wwwroot/eliveapi/PhalApi/NotORM/NotORM/Result.php(811): NotORM_Result->query('SELECT id,title...', Array)
#1 /www/wwwroot/eliveapi/PhalApi/NotORM/NotORM/Result.php(896): NotORM_Result->execute()
#2 /www/wwwroot/eliveapi/Appapi/Model/Article.php(385): NotORM_Result->fetchAll()
#3 /www/wwwroot/eliveapi/Appapi/Domain/Article.php(91): Model_Article->getArticleList('0', '1', '0', '', '0', '1', '6', '917')
#4 /www/wwwroot/eliveapi/Appapi/Api/Article.php(478): Domain_Article->getArticleList('0', '1', '0', '', '0', '1', '6', '917')
#5 /www/wwwroot/eliveapi/PhalApi/PhalApi.php(57): Api_Article->getArticleList()
#6 /www/wwwroot/eliveapi/public/appapi/index.php(13): PhalApi->response()
#7 {main}
2022-07-11 17:40:27|ERROR|Article.GetArticleList|PDOException: Table 'live.cmf_article' doesn't exist in /www/wwwroot/eliveapi/PhalApi/NotORM/NotORM/Result.php:258
Stack trace:
#0 /www/wwwroot/eliveapi/PhalApi/NotORM/NotORM/Result.php(811): NotORM_Result->query('SELECT id,title...', Array)
#1 /www/wwwroot/eliveapi/PhalApi/NotORM/NotORM/Result.php(896): NotORM_Result->execute()
#2 /www/wwwroot/eliveapi/Appapi/Model/Article.php(385): NotORM_Result->fetchAll()
#3 /www/wwwroot/eliveapi/Appapi/Domain/Article.php(91): Model_Article->getArticleList('1', '0', '0', '', '0', '1', '10', '917')
#4 /www/wwwroot/eliveapi/Appapi/Api/Article.php(478): Domain_Article->getArticleList('1', '0', '0', '', '0', '1', '10', '917')
#5 /www/wwwroot/eliveapi/PhalApi/PhalApi.php(57): Api_Article->getArticleList()
#6 /www/wwwroot/eliveapi/public/appapi/index.php(13): PhalApi->response()
#7 {main}
2022-07-11 17:40:27|ERROR|Article.GetArticleList|PDOException: Table 'live.cmf_article' doesn't exist in /www/wwwroot/eliveapi/PhalApi/NotORM/NotORM/Result.php:258
Stack trace:
#0 /www/wwwroot/eliveapi/PhalApi/NotORM/NotORM/Result.php(811): NotORM_Result->query('SELECT id,title...', Array)
#1 /www/wwwroot/eliveapi/PhalApi/NotORM/NotORM/Result.php(896): NotORM_Result->execute()
#2 /www/wwwroot/eliveapi/Appapi/Model/Article.php(385): NotORM_Result->fetchAll()
#3 /www/wwwroot/eliveapi/Appapi/Domain/Article.php(91): Model_Article->getArticleList('0', '0', '0', '', '0', '1', '10', '917')
#4 /www/wwwroot/eliveapi/Appapi/Api/Article.php(478): Domain_Article->getArticleList('0', '0', '0', '', '0', '1', '10', '917')
#5 /www/wwwroot/eliveapi/PhalApi/PhalApi.php(57): Api_Article->getArticleList()
#6 /www/wwwroot/eliveapi/public/appapi/index.php(13): PhalApi->response()
#7 {main}
2022-07-11 17:41:22|ERROR|Article.GetArticleList|PDOException: Table 'live.cmf_article' doesn't exist in /www/wwwroot/eliveapi/PhalApi/NotORM/NotORM/Result.php:258
Stack trace:
#0 /www/wwwroot/eliveapi/PhalApi/NotORM/NotORM/Result.php(811): NotORM_Result->query('SELECT id,title...', Array)
#1 /www/wwwroot/eliveapi/PhalApi/NotORM/NotORM/Result.php(896): NotORM_Result->execute()
#2 /www/wwwroot/eliveapi/Appapi/Model/Article.php(385): NotORM_Result->fetchAll()
#3 /www/wwwroot/eliveapi/Appapi/Domain/Article.php(91): Model_Article->getArticleList('1', '0', '0', '', '0', '1', '10', '893')
#4 /www/wwwroot/eliveapi/Appapi/Api/Article.php(478): Domain_Article->getArticleList('1', '0', '0', '', '0', '1', '10', '893')
#5 /www/wwwroot/eliveapi/PhalApi/PhalApi.php(57): Api_Article->getArticleList()
#6 /www/wwwroot/eliveapi/public/appapi/index.php(13): PhalApi->response()
#7 {main}
2022-07-11 17:41:22|ERROR|Article.GetArticleList|PDOException: Table 'live.cmf_article' doesn't exist in /www/wwwroot/eliveapi/PhalApi/NotORM/NotORM/Result.php:258
Stack trace:
#0 /www/wwwroot/eliveapi/PhalApi/NotORM/NotORM/Result.php(811): NotORM_Result->query('SELECT id,title...', Array)
#1 /www/wwwroot/eliveapi/PhalApi/NotORM/NotORM/Result.php(896): NotORM_Result->execute()
#2 /www/wwwroot/eliveapi/Appapi/Model/Article.php(385): NotORM_Result->fetchAll()
#3 /www/wwwroot/eliveapi/Appapi/Domain/Article.php(91): Model_Article->getArticleList('0', '0', '0', '', '0', '1', '10', '893')
#4 /www/wwwroot/eliveapi/Appapi/Api/Article.php(478): Domain_Article->getArticleList('0', '0', '0', '', '0', '1', '10', '893')
#5 /www/wwwroot/eliveapi/PhalApi/PhalApi.php(57): Api_Article->getArticleList()
#6 /www/wwwroot/eliveapi/public/appapi/index.php(13): PhalApi->response()
#7 {main}
2022-07-11 17:41:22|ERROR|Article.GetArticleList|PDOException: Table 'live.cmf_article' doesn't exist in /www/wwwroot/eliveapi/PhalApi/NotORM/NotORM/Result.php:258
Stack trace:
#0 /www/wwwroot/eliveapi/PhalApi/NotORM/NotORM/Result.php(811): NotORM_Result->query('SELECT id,title...', Array)
#1 /www/wwwroot/eliveapi/PhalApi/NotORM/NotORM/Result.php(896): NotORM_Result->execute()
#2 /www/wwwroot/eliveapi/Appapi/Model/Article.php(385): NotORM_Result->fetchAll()
#3 /www/wwwroot/eliveapi/Appapi/Domain/Article.php(91): Model_Article->getArticleList('0', '1', '0', '', '0', '1', '6', '893')
#4 /www/wwwroot/eliveapi/Appapi/Api/Article.php(478): Domain_Article->getArticleList('0', '1', '0', '', '0', '1', '6', '893')
#5 /www/wwwroot/eliveapi/PhalApi/PhalApi.php(57): Api_Article->getArticleList()
#6 /www/wwwroot/eliveapi/public/appapi/index.php(13): PhalApi->response()
#7 {main}
2022-07-11 17:41:38|ERROR|Article.GetArticleList|PDOException: Table 'live.cmf_article' doesn't exist in /www/wwwroot/eliveapi/PhalApi/NotORM/NotORM/Result.php:258
Stack trace:
#0 /www/wwwroot/eliveapi/PhalApi/NotORM/NotORM/Result.php(811): NotORM_Result->query('SELECT id,title...', Array)
#1 /www/wwwroot/eliveapi/PhalApi/NotORM/NotORM/Result.php(896): NotORM_Result->execute()
#2 /www/wwwroot/eliveapi/Appapi/Model/Article.php(385): NotORM_Result->fetchAll()
#3 /www/wwwroot/eliveapi/Appapi/Domain/Article.php(91): Model_Article->getArticleList('1', '0', '0', '', '0', '1', '10', '893')
#4 /www/wwwroot/eliveapi/Appapi/Api/Article.php(478): Domain_Article->getArticleList('1', '0', '0', '', '0', '1', '10', '893')
#5 /www/wwwroot/eliveapi/PhalApi/PhalApi.php(57): Api_Article->getArticleList()
#6 /www/wwwroot/eliveapi/public/appapi/index.php(13): PhalApi->response()
#7 {main}
2022-07-11 17:41:38|ERROR|Article.GetArticleList|PDOException: Table 'live.cmf_article' doesn't exist in /www/wwwroot/eliveapi/PhalApi/NotORM/NotORM/Result.php:258
Stack trace:
#0 /www/wwwroot/eliveapi/PhalApi/NotORM/NotORM/Result.php(811): NotORM_Result->query('SELECT id,title...', Array)
#1 /www/wwwroot/eliveapi/PhalApi/NotORM/NotORM/Result.php(896): NotORM_Result->execute()
#2 /www/wwwroot/eliveapi/Appapi/Model/Article.php(385): NotORM_Result->fetchAll()
#3 /www/wwwroot/eliveapi/Appapi/Domain/Article.php(91): Model_Article->getArticleList('0', '1', '0', '', '0', '1', '6', '893')
#4 /www/wwwroot/eliveapi/Appapi/Api/Article.php(478): Domain_Article->getArticleList('0', '1', '0', '', '0', '1', '6', '893')
#5 /www/wwwroot/eliveapi/PhalApi/PhalApi.php(57): Api_Article->getArticleList()
#6 /www/wwwroot/eliveapi/public/appapi/index.php(13): PhalApi->response()
#7 {main}
2022-07-11 17:41:38|ERROR|Article.GetArticleList|PDOException: Table 'live.cmf_article' doesn't exist in /www/wwwroot/eliveapi/PhalApi/NotORM/NotORM/Result.php:258
Stack trace:
#0 /www/wwwroot/eliveapi/PhalApi/NotORM/NotORM/Result.php(811): NotORM_Result->query('SELECT id,title...', Array)
#1 /www/wwwroot/eliveapi/PhalApi/NotORM/NotORM/Result.php(896): NotORM_Result->execute()
#2 /www/wwwroot/eliveapi/Appapi/Model/Article.php(385): NotORM_Result->fetchAll()
#3 /www/wwwroot/eliveapi/Appapi/Domain/Article.php(91): Model_Article->getArticleList('0', '0', '0', '', '0', '1', '10', '893')
#4 /www/wwwroot/eliveapi/Appapi/Api/Article.php(478): Domain_Article->getArticleList('0', '0', '0', '', '0', '1', '10', '893')
#5 /www/wwwroot/eliveapi/PhalApi/PhalApi.php(57): Api_Article->getArticleList()
#6 /www/wwwroot/eliveapi/public/appapi/index.php(13): PhalApi->response()
#7 {main}
2022-07-11 17:41:40|ERROR|Article.GetArticleList|PDOException: Table 'live.cmf_article' doesn't exist in /www/wwwroot/eliveapi/PhalApi/NotORM/NotORM/Result.php:258
Stack trace:
#0 /www/wwwroot/eliveapi/PhalApi/NotORM/NotORM/Result.php(811): NotORM_Result->query('SELECT id,title...', Array)
#1 /www/wwwroot/eliveapi/PhalApi/NotORM/NotORM/Result.php(896): NotORM_Result->execute()
#2 /www/wwwroot/eliveapi/Appapi/Model/Article.php(385): NotORM_Result->fetchAll()
#3 /www/wwwroot/eliveapi/Appapi/Domain/Article.php(91): Model_Article->getArticleList('0', '0', '0', '', '0', '2', '10', '893')
#4 /www/wwwroot/eliveapi/Appapi/Api/Article.php(478): Domain_Article->getArticleList('0', '0', '0', '', '0', '2', '10', '893')
#5 /www/wwwroot/eliveapi/PhalApi/PhalApi.php(57): Api_Article->getArticleList()
#6 /www/wwwroot/eliveapi/public/appapi/index.php(13): PhalApi->response()
#7 {main}
2022-07-11 17:41:41|ERROR|Article.GetArticleList|PDOException: Table 'live.cmf_article' doesn't exist in /www/wwwroot/eliveapi/PhalApi/NotORM/NotORM/Result.php:258
Stack trace:
#0 /www/wwwroot/eliveapi/PhalApi/NotORM/NotORM/Result.php(811): NotORM_Result->query('SELECT id,title...', Array)
#1 /www/wwwroot/eliveapi/PhalApi/NotORM/NotORM/Result.php(896): NotORM_Result->execute()
#2 /www/wwwroot/eliveapi/Appapi/Model/Article.php(385): NotORM_Result->fetchAll()
#3 /www/wwwroot/eliveapi/Appapi/Domain/Article.php(91): Model_Article->getArticleList('1', '0', '0', '', '0', '1', '10', '893')
#4 /www/wwwroot/eliveapi/Appapi/Api/Article.php(478): Domain_Article->getArticleList('1', '0', '0', '', '0', '1', '10', '893')
#5 /www/wwwroot/eliveapi/PhalApi/PhalApi.php(57): Api_Article->getArticleList()
#6 /www/wwwroot/eliveapi/public/appapi/index.php(13): PhalApi->response()
#7 {main}
2022-07-11 17:41:41|ERROR|Article.GetArticleList|PDOException: Table 'live.cmf_article' doesn't exist in /www/wwwroot/eliveapi/PhalApi/NotORM/NotORM/Result.php:258
Stack trace:
#0 /www/wwwroot/eliveapi/PhalApi/NotORM/NotORM/Result.php(811): NotORM_Result->query('SELECT id,title...', Array)
#1 /www/wwwroot/eliveapi/PhalApi/NotORM/NotORM/Result.php(896): NotORM_Result->execute()
#2 /www/wwwroot/eliveapi/Appapi/Model/Article.php(385): NotORM_Result->fetchAll()
#3 /www/wwwroot/eliveapi/Appapi/Domain/Article.php(91): Model_Article->getArticleList('0', '1', '0', '', '0', '1', '6', '893')
#4 /www/wwwroot/eliveapi/Appapi/Api/Article.php(478): Domain_Article->getArticleList('0', '1', '0', '', '0', '1', '6', '893')
#5 /www/wwwroot/eliveapi/PhalApi/PhalApi.php(57): Api_Article->getArticleList()
#6 /www/wwwroot/eliveapi/public/appapi/index.php(13): PhalApi->response()
#7 {main}
2022-07-11 17:41:41|ERROR|Article.GetArticleList|PDOException: Table 'live.cmf_article' doesn't exist in /www/wwwroot/eliveapi/PhalApi/NotORM/NotORM/Result.php:258
Stack trace:
#0 /www/wwwroot/eliveapi/PhalApi/NotORM/NotORM/Result.php(811): NotORM_Result->query('SELECT id,title...', Array)
#1 /www/wwwroot/eliveapi/PhalApi/NotORM/NotORM/Result.php(896): NotORM_Result->execute()
#2 /www/wwwroot/eliveapi/Appapi/Model/Article.php(385): NotORM_Result->fetchAll()
#3 /www/wwwroot/eliveapi/Appapi/Domain/Article.php(91): Model_Article->getArticleList('0', '0', '0', '', '0', '1', '10', '893')
#4 /www/wwwroot/eliveapi/Appapi/Api/Article.php(478): Domain_Article->getArticleList('0', '0', '0', '', '0', '1', '10', '893')
#5 /www/wwwroot/eliveapi/PhalApi/PhalApi.php(57): Api_Article->getArticleList()
#6 /www/wwwroot/eliveapi/public/appapi/index.php(13): PhalApi->response()
#7 {main}
2022-07-11 17:41:46|ERROR|Article.GetArticleList|PDOException: Table 'live.cmf_article' doesn't exist in /www/wwwroot/eliveapi/PhalApi/NotORM/NotORM/Result.php:258
Stack trace:
#0 /www/wwwroot/eliveapi/PhalApi/NotORM/NotORM/Result.php(811): NotORM_Result->query('SELECT id,title...', Array)
#1 /www/wwwroot/eliveapi/PhalApi/NotORM/NotORM/Result.php(896): NotORM_Result->execute()
#2 /www/wwwroot/eliveapi/Appapi/Model/Article.php(385): NotORM_Result->fetchAll()
#3 /www/wwwroot/eliveapi/Appapi/Domain/Article.php(91): Model_Article->getArticleList('0', '0', '0', '', '0', '1', '10', '893')
#4 /www/wwwroot/eliveapi/Appapi/Api/Article.php(478): Domain_Article->getArticleList('0', '0', '0', '', '0', '1', '10', '893')
#5 /www/wwwroot/eliveapi/PhalApi/PhalApi.php(57): Api_Article->getArticleList()
#6 /www/wwwroot/eliveapi/public/appapi/index.php(13): PhalApi->response()
#7 {main}
2022-07-11 17:41:46|ERROR|Article.GetArticleList|PDOException: Table 'live.cmf_article' doesn't exist in /www/wwwroot/eliveapi/PhalApi/NotORM/NotORM/Result.php:258
Stack trace:
#0 /www/wwwroot/eliveapi/PhalApi/NotORM/NotORM/Result.php(811): NotORM_Result->query('SELECT id,title...', Array)
#1 /www/wwwroot/eliveapi/PhalApi/NotORM/NotORM/Result.php(896): NotORM_Result->execute()
#2 /www/wwwroot/eliveapi/Appapi/Model/Article.php(385): NotORM_Result->fetchAll()
#3 /www/wwwroot/eliveapi/Appapi/Domain/Article.php(91): Model_Article->getArticleList('0', '1', '0', '', '0', '1', '6', '893')
#4 /www/wwwroot/eliveapi/Appapi/Api/Article.php(478): Domain_Article->getArticleList('0', '1', '0', '', '0', '1', '6', '893')
#5 /www/wwwroot/eliveapi/PhalApi/PhalApi.php(57): Api_Article->getArticleList()
#6 /www/wwwroot/eliveapi/public/appapi/index.php(13): PhalApi->response()
#7 {main}
2022-07-11 17:41:46|ERROR|Article.GetArticleList|PDOException: Table 'live.cmf_article' doesn't exist in /www/wwwroot/eliveapi/PhalApi/NotORM/NotORM/Result.php:258
Stack trace:
#0 /www/wwwroot/eliveapi/PhalApi/NotORM/NotORM/Result.php(811): NotORM_Result->query('SELECT id,title...', Array)
#1 /www/wwwroot/eliveapi/PhalApi/NotORM/NotORM/Result.php(896): NotORM_Result->execute()
#2 /www/wwwroot/eliveapi/Appapi/Model/Article.php(385): NotORM_Result->fetchAll()
#3 /www/wwwroot/eliveapi/Appapi/Domain/Article.php(91): Model_Article->getArticleList('1', '0', '0', '', '0', '1', '10', '893')
#4 /www/wwwroot/eliveapi/Appapi/Api/Article.php(478): Domain_Article->getArticleList('1', '0', '0', '', '0', '1', '10', '893')
#5 /www/wwwroot/eliveapi/PhalApi/PhalApi.php(57): Api_Article->getArticleList()
#6 /www/wwwroot/eliveapi/public/appapi/index.php(13): PhalApi->response()
#7 {main}
2022-07-11 17:41:54|ERROR|Article.GetArticleList|PDOException: Table 'live.cmf_article' doesn't exist in /www/wwwroot/eliveapi/PhalApi/NotORM/NotORM/Result.php:258
Stack trace:
#0 /www/wwwroot/eliveapi/PhalApi/NotORM/NotORM/Result.php(811): NotORM_Result->query('SELECT id,title...', Array)
#1 /www/wwwroot/eliveapi/PhalApi/NotORM/NotORM/Result.php(896): NotORM_Result->execute()
#2 /www/wwwroot/eliveapi/Appapi/Model/Article.php(385): NotORM_Result->fetchAll()
#3 /www/wwwroot/eliveapi/Appapi/Domain/Article.php(91): Model_Article->getArticleList('0', '1', '0', '', '0', '1', '6', '893')
#4 /www/wwwroot/eliveapi/Appapi/Api/Article.php(478): Domain_Article->getArticleList('0', '1', '0', '', '0', '1', '6', '893')
#5 /www/wwwroot/eliveapi/PhalApi/PhalApi.php(57): Api_Article->getArticleList()
#6 /www/wwwroot/eliveapi/public/appapi/index.php(13): PhalApi->response()
#7 {main}
2022-07-11 17:41:54|ERROR|Article.GetArticleList|PDOException: Table 'live.cmf_article' doesn't exist in /www/wwwroot/eliveapi/PhalApi/NotORM/NotORM/Result.php:258
Stack trace:
#0 /www/wwwroot/eliveapi/PhalApi/NotORM/NotORM/Result.php(811): NotORM_Result->query('SELECT id,title...', Array)
#1 /www/wwwroot/eliveapi/PhalApi/NotORM/NotORM/Result.php(896): NotORM_Result->execute()
#2 /www/wwwroot/eliveapi/Appapi/Model/Article.php(385): NotORM_Result->fetchAll()
#3 /www/wwwroot/eliveapi/Appapi/Domain/Article.php(91): Model_Article->getArticleList('1', '0', '0', '', '0', '1', '10', '893')
#4 /www/wwwroot/eliveapi/Appapi/Api/Article.php(478): Domain_Article->getArticleList('1', '0', '0', '', '0', '1', '10', '893')
#5 /www/wwwroot/eliveapi/PhalApi/PhalApi.php(57): Api_Article->getArticleList()
#6 /www/wwwroot/eliveapi/public/appapi/index.php(13): PhalApi->response()
#7 {main}
2022-07-11 17:41:54|ERROR|Article.GetArticleList|PDOException: Table 'live.cmf_article' doesn't exist in /www/wwwroot/eliveapi/PhalApi/NotORM/NotORM/Result.php:258
Stack trace:
#0 /www/wwwroot/eliveapi/PhalApi/NotORM/NotORM/Result.php(811): NotORM_Result->query('SELECT id,title...', Array)
#1 /www/wwwroot/eliveapi/PhalApi/NotORM/NotORM/Result.php(896): NotORM_Result->execute()
#2 /www/wwwroot/eliveapi/Appapi/Model/Article.php(385): NotORM_Result->fetchAll()
#3 /www/wwwroot/eliveapi/Appapi/Domain/Article.php(91): Model_Article->getArticleList('0', '0', '0', '', '0', '1', '10', '893')
#4 /www/wwwroot/eliveapi/Appapi/Api/Article.php(478): Domain_Article->getArticleList('0', '0', '0', '', '0', '1', '10', '893')
#5 /www/wwwroot/eliveapi/PhalApi/PhalApi.php(57): Api_Article->getArticleList()
#6 /www/wwwroot/eliveapi/public/appapi/index.php(13): PhalApi->response()
#7 {main}
2022-07-11 17:42:33|ERROR|Article.GetArticleList|PDOException: Table 'live.cmf_article' doesn't exist in /www/wwwroot/eliveapi/PhalApi/NotORM/NotORM/Result.php:258
Stack trace:
#0 /www/wwwroot/eliveapi/PhalApi/NotORM/NotORM/Result.php(811): NotORM_Result->query('SELECT id,title...', Array)
#1 /www/wwwroot/eliveapi/PhalApi/NotORM/NotORM/Result.php(896): NotORM_Result->execute()
#2 /www/wwwroot/eliveapi/Appapi/Model/Article.php(385): NotORM_Result->fetchAll()
#3 /www/wwwroot/eliveapi/Appapi/Domain/Article.php(91): Model_Article->getArticleList('0', '1', '0', '', '0', '1', '6', '918')
#4 /www/wwwroot/eliveapi/Appapi/Api/Article.php(478): Domain_Article->getArticleList('0', '1', '0', '', '0', '1', '6', '918')
#5 /www/wwwroot/eliveapi/PhalApi/PhalApi.php(57): Api_Article->getArticleList()
#6 /www/wwwroot/eliveapi/public/appapi/index.php(13): PhalApi->response()
#7 {main}
2022-07-11 17:42:33|ERROR|Article.GetArticleList|PDOException: Table 'live.cmf_article' doesn't exist in /www/wwwroot/eliveapi/PhalApi/NotORM/NotORM/Result.php:258
Stack trace:
#0 /www/wwwroot/eliveapi/PhalApi/NotORM/NotORM/Result.php(811): NotORM_Result->query('SELECT id,title...', Array)
#1 /www/wwwroot/eliveapi/PhalApi/NotORM/NotORM/Result.php(896): NotORM_Result->execute()
#2 /www/wwwroot/eliveapi/Appapi/Model/Article.php(385): NotORM_Result->fetchAll()
#3 /www/wwwroot/eliveapi/Appapi/Domain/Article.php(91): Model_Article->getArticleList('0', '0', '0', '', '0', '1', '10', '918')
#4 /www/wwwroot/eliveapi/Appapi/Api/Article.php(478): Domain_Article->getArticleList('0', '0', '0', '', '0', '1', '10', '918')
#5 /www/wwwroot/eliveapi/PhalApi/PhalApi.php(57): Api_Article->getArticleList()
#6 /www/wwwroot/eliveapi/public/appapi/index.php(13): PhalApi->response()
#7 {main}
2022-07-11 17:42:33|ERROR|Article.GetArticleList|PDOException: Table 'live.cmf_article' doesn't exist in /www/wwwroot/eliveapi/PhalApi/NotORM/NotORM/Result.php:258
Stack trace:
#0 /www/wwwroot/eliveapi/PhalApi/NotORM/NotORM/Result.php(811): NotORM_Result->query('SELECT id,title...', Array)
#1 /www/wwwroot/eliveapi/PhalApi/NotORM/NotORM/Result.php(896): NotORM_Result->execute()
#2 /www/wwwroot/eliveapi/Appapi/Model/Article.php(385): NotORM_Result->fetchAll()
#3 /www/wwwroot/eliveapi/Appapi/Domain/Article.php(91): Model_Article->getArticleList('1', '0', '0', '', '0', '1', '10', '918')
#4 /www/wwwroot/eliveapi/Appapi/Api/Article.php(478): Domain_Article->getArticleList('1', '0', '0', '', '0', '1', '10', '918')
#5 /www/wwwroot/eliveapi/PhalApi/PhalApi.php(57): Api_Article->getArticleList()
#6 /www/wwwroot/eliveapi/public/appapi/index.php(13): PhalApi->response()
#7 {main}
2022-07-11 17:42:56|ERROR|Article.GetArticleList|PDOException: Table 'live.cmf_article' doesn't exist in /www/wwwroot/eliveapi/PhalApi/NotORM/NotORM/Result.php:258
Stack trace:
#0 /www/wwwroot/eliveapi/PhalApi/NotORM/NotORM/Result.php(811): NotORM_Result->query('SELECT id,title...', Array)
#1 /www/wwwroot/eliveapi/PhalApi/NotORM/NotORM/Result.php(896): NotORM_Result->execute()
#2 /www/wwwroot/eliveapi/Appapi/Model/Article.php(385): NotORM_Result->fetchAll()
#3 /www/wwwroot/eliveapi/Appapi/Domain/Article.php(91): Model_Article->getArticleList('1', '0', '0', '', '0', '1', '10', '918')
#4 /www/wwwroot/eliveapi/Appapi/Api/Article.php(478): Domain_Article->getArticleList('1', '0', '0', '', '0', '1', '10', '918')
#5 /www/wwwroot/eliveapi/PhalApi/PhalApi.php(57): Api_Article->getArticleList()
#6 /www/wwwroot/eliveapi/public/appapi/index.php(13): PhalApi->response()
#7 {main}
2022-07-11 17:42:56|ERROR|Article.GetArticleList|PDOException: Table 'live.cmf_article' doesn't exist in /www/wwwroot/eliveapi/PhalApi/NotORM/NotORM/Result.php:258
Stack trace:
#0 /www/wwwroot/eliveapi/PhalApi/NotORM/NotORM/Result.php(811): NotORM_Result->query('SELECT id,title...', Array)
#1 /www/wwwroot/eliveapi/PhalApi/NotORM/NotORM/Result.php(896): NotORM_Result->execute()
#2 /www/wwwroot/eliveapi/Appapi/Model/Article.php(385): NotORM_Result->fetchAll()
#3 /www/wwwroot/eliveapi/Appapi/Domain/Article.php(91): Model_Article->getArticleList('0', '1', '0', '', '0', '1', '6', '918')
#4 /www/wwwroot/eliveapi/Appapi/Api/Article.php(478): Domain_Article->getArticleList('0', '1', '0', '', '0', '1', '6', '918')
#5 /www/wwwroot/eliveapi/PhalApi/PhalApi.php(57): Api_Article->getArticleList()
#6 /www/wwwroot/eliveapi/public/appapi/index.php(13): PhalApi->response()
#7 {main}
2022-07-11 17:42:56|ERROR|Article.GetArticleList|PDOException: Table 'live.cmf_article' doesn't exist in /www/wwwroot/eliveapi/PhalApi/NotORM/NotORM/Result.php:258
Stack trace:
#0 /www/wwwroot/eliveapi/PhalApi/NotORM/NotORM/Result.php(811): NotORM_Result->query('SELECT id,title...', Array)
#1 /www/wwwroot/eliveapi/PhalApi/NotORM/NotORM/Result.php(896): NotORM_Result->execute()
#2 /www/wwwroot/eliveapi/Appapi/Model/Article.php(385): NotORM_Result->fetchAll()
#3 /www/wwwroot/eliveapi/Appapi/Domain/Article.php(91): Model_Article->getArticleList('0', '0', '0', '', '0', '1', '10', '918')
#4 /www/wwwroot/eliveapi/Appapi/Api/Article.php(478): Domain_Article->getArticleList('0', '0', '0', '', '0', '1', '10', '918')
#5 /www/wwwroot/eliveapi/PhalApi/PhalApi.php(57): Api_Article->getArticleList()
#6 /www/wwwroot/eliveapi/public/appapi/index.php(13): PhalApi->response()
#7 {main}
